Jul 02 06:25 : avahi: Failed to create client: Daemon not running
Jul 02 06:25 : update: added en/Lydia Gray - Sorry Seems to Be the HardestWord.mp3
Jul 02 06:25 : update: added en/Mandy Moore - When Will My Life Begin_.mp3
Jul 02 06:25 : update: added en/MAROON 5 - IF I NEVER SEE YOUR FACE AGAIN.mp3
Jul 02 06:25 : update: added en/Maroon 5 - Misery.mp3
Jul 02 06:25 : update: added en/Maroon 5 - Secret.mp3
Jul 02 06:25 : update: added en/Maroon 5 - Wake Up Call.mp3
Jul 02 06:25 : update: added en/Metallica - nothing else matters.mp3
Jul 02 06:25 : update: added en/Metallica - One.mp3
Jul 02 06:25 : update: added en/Michael Jackson - Billie Jean.mp3
Jul 02 06:25 : update: added en/Mika - Big Girl (You Are Beautiful).mp3
Jul 02 06:25 : update: added en/Mika - Big Girl.mp3
Jul 02 06:25 : update: added en/Mika - Grace Kelly.mp3
Jul 02 06:25 : update: added en/Mika - We Are Golden.mp3
Jul 02 06:25 : update: added en/50 Cent - In Da Club.mp3
Jul 02 06:25 : update: added en/A Little Too Not Over You - David Archuleta.mp3
Jul 02 06:25 : update: added en/Akeboshi - Wind.mp3
Jul 02 06:25 : update: added en/Ann Wilson - La La Love On My Mind.mp3
Jul 02 06:25 : update: added en/Anya Marina - Whatever You Like (Single Version).mp3
Jul 02 06:25 : update: added en/Aqua - Doctor Jone.mp3
Jul 02 06:25 : update: added en/Brad Garrett, Jeffrey Tambor, Mandy Moore, Zachary Levi & The Thug Chorus - I've Got A Dream.mp3
Jul 02 06:25 : update: added en/Its My Life - Bon Jovi.mp3
Jul 02 06:25 : update: added en/J-Ivanovici - Danube Waves.mp3
Jul 02 06:25 : update: added en/Jack Johnson - Good People.mp3
Jul 02 06:25 : update: added en/Jadakiss_Jennifer Lopez_Styles P - Jenny from the Block.mp3
Jul 02 06:25 : update: added en/Jennifer Lopez - Love Don't Cost A Thing.mp3
Jul 02 06:25 : update: added en/Jennifer Lopez - No Me Ames.mp3
Jul 02 06:25 : update: added en/Justin Timberlake - Girldfriend (Feat. Nelly).mp3
Jul 02 06:25 : update: added en/Kaya Kaya - C'est si Bon.mp3
Jul 02 06:25 : update: added en/Kaya Kaya - Je te Veux.mp3
Jul 02 06:25 : update: added en/Kaya Kaya - La Vie en Rose.mp3
Jul 02 06:25 : update: added en/Kenny Rogers - Lady.mp3
Jul 02 06:25 : update: added en/Khac Viet- Nam Cuong - Kho.mp3
Jul 02 06:25 : update: added en/Lenka - Heart Skips A Beat.mp3
Jul 02 06:25 : update: added en/Lenka - Trouble Is A Friend.mp3
Jul 02 06:25 : update: added en/Mike Posner - Cooler Than Me.mp3
Jul 02 06:25 : update: added en/Natasha Bedingfield - Unwritten.mp3
Jul 02 06:25 : update: added en/Ne-Yo - So Sick.mp3
Jul 02 06:25 : update: added en/Nelly Furtado - All Good Things (Come To An End).mp3
Jul 02 06:25 : update: added en/One Republic - Secrets.mp3
Jul 02 06:25 : update: added en/One Republic - Stop And Stare.mp3
Jul 02 06:25 : update: added en/OneRepublic - Apologize.mp3
Jul 02 06:25 : update: added en/Over It - Katharine McPhee.mp3
Jul 02 06:25 : update: added en/P!NK - Raise Your Glass.mp3
Jul 02 06:25 : update: added en/Red Hot Chili Peppers - Hey.mp3
Jul 02 06:25 : update: added en/Santana - Science Fiction Double Feature.mp3
Jul 02 06:25 : update: added en/Sara Bareilles - Love Song.mp3
Jul 02 06:25 : update: added en/Eminem - Eminem Ft 50 Cent & Dr.Dre - Encore(one last time).mp3
Jul 02 06:25 : update: added en/Engelbert Humperdinck - Quando Quando Quando.mp3
Jul 02 06:25 : update: added en/Enrique Iglesias - Hero.mp3
Jul 02 06:25 : update: added en/Fall Out Boy - I Don't Care.mp3
Jul 02 06:25 : update: added en/Fall Out Boy - Thanks For The Memories.mp3
Jul 02 06:25 : update: added en/Fall Out Boy - This Ain't A Scene, It's An Arms Race.mp3
Jul 02 06:25 : update: added en/Fall Out Boy - Thnks Fr Th Mmrs.mp3
Jul 02 06:25 : update: added en/Fall Out Boy,John Mayer - Beat It.mp3
Jul 02 06:25 : update: added en/Fast Lane - Bad Meets Evil.mp3
Jul 02 06:25 : update: added en/Guns N' Roses - Since I Don't Have You.mp3
Jul 02 06:25 : update: added en/Guns N' Roses - Sweet Child O' Mine.mp3
Jul 02 06:25 : update: added en/Helloween - If I Could Fly.mp3
Jul 02 06:25 : update: added en/Diddy-Dirty Money - I'm coming home.mp3
Jul 02 06:25 : update: added en/Sarah Connor - Just One Last Dance.mp3
Jul 02 06:25 : update: added en/Scotty McCreery - I Love You This Big.mp3
Jul 02 06:25 : update: added en/Seal Seal - Kiss From A Rose.mp3
Jul 02 06:25 : update: added en/Sebastian - Kiss The Girl.mp3
Jul 02 06:25 : update: added en/Taio Cruz - Dynamite.mp3
Jul 02 06:25 : update: added en/The Black Eyed Peas - I Gotta Feeling.mp3
Jul 02 06:25 : update: added en/The Killers - Mr Brightside.mp3
Jul 02 06:25 : update: added en/This love - This Love.mp3
Jul 02 06:25 : update: added en/Turtles - Happy Together.mp3
Jul 02 06:25 : update: added en/Utada Hikaru - First Love.mp3
Jul 02 06:25 : update: added en/Various Artists - QUENN - WE ARE THE CHAMPIONS.mp3
Jul 02 06:25 : update: added en/Westlife - How to Break a Heart.mp3
Jul 02 06:25 : update: added en/Westlife - The Reason.mp3
Jul 02 06:25 : update: added en/Westlife - What About Now.mp3
Jul 02 06:25 : update: added en/샤이니(SHINee) - Hello.mp3
Jul 02 06:25 : update: added en/Britney Spears - Autumn Goodbye.mp3
Jul 02 06:25 : update: added en/Bruno Mars - The Lazy Song.mp3
Jul 02 06:25 : update: added en/Cher - Welcome To Burlesque.mp3
Jul 02 06:25 : update: added en/Christina Aguilera - Show Me How You Burlesque.mp3
Jul 02 06:25 : update: added en/Christina Aguilera - You Lost Me.mp3
Jul 02 06:25 : update: added en/Come Back To Me - Utada Hikaru.mp3
Jul 02 06:25 : update: added en/David Cook - The Last Goodbye.mp3
Jul 02 06:25 : update: added en/David Cook - The Time Of My Life.mp3
Jul 02 06:25 : update: added epic/Beethoven Virus - Beethoven.mp3
Jul 02 06:25 : update: added epic/Fasten Your Seatbelt - Pendulum.mp3
Jul 02 06:25 : update: added epic/Globus - Europa.mp3
Jul 02 06:25 : update: added epic/Immunize - Pendulum.mp3
Jul 02 06:25 : update: added epic/Slam - Pendulum.mp3
Jul 02 06:25 : update: added epic/Watercolour - Pendulum.mp3
Jul 02 06:25 : update: added epic/Witchcraft - PENDULUM .mp3
Jul 02 06:25 : update: added kor/- Like Being Crazy.mp3
Jul 02 06:25 : update: added kor/2AM - Can't Let You Go Even If I Die.mp3
Jul 02 06:25 : update: added kor/2NE1 - I Don't Care.mp3
Jul 02 06:25 : update: added kor/Beast B2ST - Fiction.mp3
Jul 02 06:25 : update: added kor/Dreaming - Kim Soo Hyun.mp3
Jul 02 06:25 : update: added kor/Golden Lady - Lim Jeong-Hee ft. Hyuna.mp3
Jul 02 06:25 : update: added kor/Hello Hello - FT Island.mp3
Jul 02 06:25 : update: added kor/Intuition - CN Blue.mp3
Jul 02 06:25 : update: added kor/Lonely - 2NE1.mp3
Jul 02 06:25 : update: added kor/Love Pain - FT Island.mp3
Jul 02 06:25 : update: added kor/Love Song - Big Bang.mp3
Jul 02 06:25 : update: added kor/Spontania feat. JUJU.mp3
Jul 02 06:25 : update: added kor/Stupid Liar - Big Bang.mp3
Jul 02 06:25 : update: added kor/Wonder Boy - Super Junior.mp3
Jul 02 06:25 : update: added kor/You’re So Cool To Me - SeeYa.mp3
Jul 02 06:25 : update: added vi/Le Hieu - Ngay Mai Em Di.mp3
Jul 02 06:25 : update: added vi/ Lil Shady ft. Shiver - Luc Yeu (Remix).mp3
Jul 02 06:25 : update: added vi/Bang Cuong ft. Khanh Phuong - Ton Tho Mot Tinh Yeu.mp3
Jul 02 06:25 : update: added vi/Bong Hong Thuy Tinh - Buc Tuong.mp3
Jul 02 06:25 : update: added vi/Cao Thai Son - Yeu Thuong Quay Ve.mp3
Jul 02 06:25 : update: added vi/Dem Cho Vo - Le Hieu.mp3
Jul 02 06:25 : update: added vi/Khac Viet - Chi Anh Hieu Em.mp3
Jul 02 06:25 : update: added vi/Khac Viet- Nam Cuong - Kho.mp3
Jul 02 06:25 : update: added vi/Khoi My - La Con Gai That Tuyet.mp3
Jul 02 06:25 : update: added vi/Khong Tu Quynh - Voi Vang.mp3
Jul 02 06:25 : update: added vi/Le Hieu - Chuyen Nhu The Day.mp3
Jul 02 06:25 : update: added vi/Le Hieu - Con Duong Mau Xanh.mp3
Jul 02 06:25 : update: added vi/Noo Phuoc Thinh - Chi La Giac Mo.mp3
Jul 02 06:25 : update: added vi/Noo Phuoc Thinh ft. Ho Ngoc Ha - Noi Nho Day Voi.mp3
Jul 02 06:25 : update: added vi/Phuong Anh - Chi Mot Minh Anh.mp3
Jul 02 06:25 : update: added vi/Rock Xuyen Man Dem - Buc Tuong.mp3
Jul 02 06:25 : update: added vi/The Men - Em Luon O Trong Tam Tri Anh.mp3
Jul 02 06:25 : update: added vi/The Men - Mot Loi Hua.mp3
Jul 02 06:25 : update: added vi/Tim - Canh Chim Hai Au.mp3
Jul 02 06:25 : update: added vi/Ung Dai Ve ft. Lil_ Knight - Anh Nho Em Nhieu.mp3
Jul 02 06:25 : update: added vi/V.Music - Que Huong Toi.mp3
Jul 02 06:25 : update: added vi/Va Toi Cung Yeu Em - Le Hieu.mp3
Jul 02 06:25 : update: added vi/Lenka - Heart Skips A Beat.mp3
Jul 02 06:25 : update: added vi/Luu Huong Giang - Tam Biet.mp3
Jul 02 06:25 : update: added vi/Minh Hang ft. Tim - Canh Dong Tuyet.mp3
Jul 02 06:25 : update: added vi/Nam Cuong - Kho.mp3
Jul 02 06:25 : update: added vi/Nam Cuong ft. Khac Viet - Suy Nghi Trong Anh.mp3
Jul 02 06:25 : update: added vi/Ngay Hom Qua - Buc Tuong.mp3
Jul 02 06:25 : update: added vi/Ngo Kien Huy - Can Mot Nguoi Hieu.mp3
Jul 02 06:25 : update: added vi/Ngo Kien Huy - Chuc Em Ngu Ngon.mp3
Jul 02 06:25 : update: added vi/Nguyen Van Chung - Bai Hat Cua Mua.mp3
Jul 02 06:25 : update: added vi/Nguyen Vu - Tu Khi Em Den.mp3
Jul 02 06:25 : avahi: Failed to create client: Daemon not running
Jul 02 08:15 : avahi: Failed to create client: Daemon not running
Jul 03 03:44 : avahi: Failed to create client: Daemon not running
Jul 03 04:28 : player_thread: played "en/Ann Wilson - La La Love On My Mind.mp3"
Jul 03 04:31 : player_thread: played "en/Anya Marina - Whatever You Like (Single Version).mp3"
Jul 03 04:35 : player_thread: played "en/A Little Too Not Over You - David Archuleta.mp3"
Jul 03 04:45 : player_thread: played "en/Lenka - Trouble Is A Friend.mp3"
Jul 03 04:51 : player_thread: played "en/Mika - Grace Kelly.mp3"
Jul 03 04:55 : player_thread: played "en/Mika - We Are Golden.mp3"
Jul 03 04:58 : player_thread: played "en/Mike Posner - Cooler Than Me.mp3"
Jul 03 05:03 : player_thread: played "en/Natasha Bedingfield - Unwritten.mp3"
Jul 03 05:06 : player_thread: played "en/Ne-Yo - So Sick.mp3"
Jul 03 05:12 : player_thread: played "en/Nelly Furtado - All Good Things (Come To An End).mp3"
Jul 03 05:16 : player_thread: played "en/One Republic - Secrets.mp3"
Aug 13 16:04 : avahi: Failed to create client: Daemon not running
Aug 13 16:11 : player_thread: played "en/Jack Johnson - Good People.mp3"
Aug 13 16:14 : player_thread: played "en/Jadakiss_Jennifer Lopez_Styles P - Jenny from the Block.mp3"
Aug 13 16:18 : player_thread: played "en/Jennifer Lopez - Love Don't Cost A Thing.mp3"
Aug 13 16:23 : player_thread: played "en/Jennifer Lopez - No Me Ames.mp3"
Aug 13 16:28 : player_thread: played "en/Justin Timberlake - Girldfriend (Feat. Nelly).mp3"
Aug 13 16:31 : player_thread: played "en/Kaya Kaya - C'est si Bon.mp3"
Aug 13 16:34 : player_thread: played "en/Kaya Kaya - Je te Veux.mp3"
Aug 13 16:39 : player_thread: played "en/Kaya Kaya - La Vie en Rose.mp3"
Aug 13 16:43 : player_thread: played "en/Kenny Rogers - Lady.mp3"
Aug 13 16:47 : player_thread: played "en/Khac Viet- Nam Cuong - Kho.mp3"
Aug 13 16:50 : player_thread: played "en/Lenka - Heart Skips A Beat.mp3"
Aug 13 16:52 : player_thread: played "en/Mandy Moore - When Will My Life Begin_.mp3"
Aug 13 16:56 : player_thread: played "en/MAROON 5 - IF I NEVER SEE YOUR FACE AGAIN.mp3"
Aug 13 16:59 : player_thread: played "en/Maroon 5 - Misery.mp3"
Aug 13 17:04 : player_thread: played "en/Maroon 5 - Secret.mp3"
Aug 13 17:08 : player_thread: played "en/Maroon 5 - Wake Up Call.mp3"
Aug 13 17:35 : player_thread: played "en/Enrique Iglesias - Hero.mp3"
Aug 13 17:35 : update: added en/Rolling In The Deep - Adele.mp3
Aug 13 17:35 : update: added en/Eric Saade - Hearts In The Air.mp3
Aug 13 17:35 : update: added en/Shayne Ward - Until You.mp3
Aug 13 17:35 : update: added en/Count On Me - Lee Ki Chan ft. G.NA.mp3
Aug 13 17:35 : update: added en/David Archuleta - Touch My Hand.mp3
Aug 13 17:35 : update: added en/Deep Side - Booty Music.mp3
Aug 13 17:35 : update: added kor/2NE1 - Hate You.mp3
Aug 13 17:35 : update: added kor/2PM - Hands Up.mp3
Aug 13 17:35 : update: added vi/Khoi My - Khoc dem.mp3
Aug 13 17:35 : update: added vi/Lau Roi - Khoi My.mp3
Aug 13 17:35 : update: added vi/Thu Minh - Doi Tu.mp3
Aug 13 17:35 : update: added vi/Yanbi - Sad Autumn.mp3
Aug 13 17:35 : update: added vi/My Tam - Nu Hon Bat Ngo.mp3
Aug 13 23:56 : avahi: Failed to create client: Daemon not running
Aug 13 23:58 : player_thread: played "vi/Khoi My - Khoc dem.mp3"
Aug 15 19:19 : stat /ntfs-data/Dropbox/music/vi/Khoi My - La Con Gai That Tuyet.mp3 failed (errno=2)
Aug 15 19:19 : decoder_thread: Unrecognized URI
[readers.c:1069] error: Cannot open file /ntfs-data/Dropbox/music/vi/Khoi My - La Con Gai That Tuyet.mp3: No such file or directory
Aug 15 19:19 : mpg123: libmpg123 failed to open /ntfs-data/Dropbox/music/vi/Khoi My - La Con Gai That Tuyet.mp3: A generic mpg123 error.
Aug 15 19:19 : stat /ntfs-data/Dropbox/music/vi/Khoi My - La Con Gai That Tuyet.mp3 failed (errno=2)
Aug 15 19:19 : decoder_thread: Unrecognized URI
Aug 16 05:26 : avahi: Failed to create client: Daemon not running
Aug 16 05:31 : player_thread: played "vi/Bong Hong Thuy Tinh - Buc Tuong.mp3"
Aug 16 05:36 : player_thread: played "vi/Cao Thai Son - Yeu Thuong Quay Ve.mp3"
Aug 16 19:11 : avahi: Failed to create client: Daemon not running
Aug 16 19:16 : player_thread: played "vi/Khac Viet- Nam Cuong - Kho.mp3"
Aug 16 19:19 : player_thread: played "vi/Khoi My - Khoc dem.mp3"
Aug 16 19:23 : player_thread: played "vi/Khoi My - La Con Gai That Tuyet.mp3"
Aug 16 19:27 : player_thread: played "vi/Khong Tu Quynh - Voi Vang.mp3"
Aug 16 19:31 : player_thread: played "vi/Lau Roi - Khoi My.mp3"
Aug 16 19:36 : player_thread: played "vi/Le Hieu - Chuyen Nhu The Day.mp3"
Aug 16 19:42 : player_thread: played "vi/Le Hieu - Con Duong Mau Xanh.mp3"
Aug 16 19:46 : player_thread: played "vi/Le Hieu - Ngay Mai Em Di.mp3"
Aug 16 19:49 : player_thread: played "vi/Lenka - Heart Skips A Beat.mp3"
Aug 16 19:53 : player_thread: played "vi/Luu Huong Giang - Tam Biet.mp3"
Aug 16 19:57 : player_thread: played "vi/Minh Hang ft. Tim - Canh Dong Tuyet.mp3"
Aug 16 20:01 : player_thread: played "vi/My Tam - Nu Hon Bat Ngo.mp3"
Aug 16 20:05 : player_thread: played "vi/Nam Cuong - Kho.mp3"
Aug 16 20:10 : player_thread: played "vi/Nam Cuong ft. Khac Viet - Suy Nghi Trong Anh.mp3"
Aug 16 20:15 : player_thread: played "vi/Ngay Hom Qua - Buc Tuong.mp3"
Aug 16 20:19 : player_thread: played "vi/Ngo Kien Huy - Can Mot Nguoi Hieu.mp3"
Aug 16 20:25 : player_thread: played "vi/Ngo Kien Huy - Chuc Em Ngu Ngon.mp3"
Aug 16 20:29 : player_thread: played "vi/Nguyen Van Chung - Bai Hat Cua Mua.mp3"
Aug 16 20:34 : player_thread: played "vi/Nguyen Vu - Tu Khi Em Den.mp3"
Aug 16 20:38 : player_thread: played "vi/Noo Phuoc Thinh - Chi La Giac Mo.mp3"
Aug 16 20:42 : player_thread: played "vi/Noo Phuoc Thinh ft. Ho Ngoc Ha - Noi Nho Day Voi.mp3"
Aug 16 20:47 : player_thread: played "vi/Phuong Anh - Chi Mot Minh Anh.mp3"
Aug 16 20:50 : player_thread: played "vi/Rock Xuyen Man Dem - Buc Tuong.mp3"
Aug 16 20:55 : player_thread: played "vi/The Men - Em Luon O Trong Tam Tri Anh.mp3"
Aug 16 20:59 : player_thread: played "vi/The Men - Mot Loi Hua.mp3"
Aug 16 21:02 : player_thread: played "vi/Thu Minh - Doi Tu.mp3"
Aug 16 21:07 : player_thread: played "vi/Tim - Canh Chim Hai Au.mp3"
Aug 16 21:12 : player_thread: played "vi/Ung Dai Ve ft. Lil_ Knight - Anh Nho Em Nhieu.mp3"
Aug 16 21:16 : player_thread: played "vi/V.Music - Que Huong Toi.mp3"
Aug 17 01:08 : avahi: Failed to create client: Daemon not running
Aug 17 01:14 : player_thread: played "vi/Nam Cuong - Kho.mp3"
Aug 17 01:17 : player_thread: played "vi/My Tam - Nu Hon Bat Ngo.mp3"
Aug 17 01:22 : player_thread: played "vi/Nam Cuong ft. Khac Viet - Suy Nghi Trong Anh.mp3"
Aug 17 01:27 : player_thread: played "vi/Ngay Hom Qua - Buc Tuong.mp3"
Aug 17 01:31 : player_thread: played "vi/Ngo Kien Huy - Can Mot Nguoi Hieu.mp3"
Aug 17 01:37 : player_thread: played "vi/Ngo Kien Huy - Chuc Em Ngu Ngon.mp3"
Aug 17 01:42 : player_thread: played "vi/Nguyen Van Chung - Bai Hat Cua Mua.mp3"
Aug 17 01:46 : player_thread: played "vi/Nguyen Vu - Tu Khi Em Den.mp3"
Aug 17 01:50 : player_thread: played "vi/Noo Phuoc Thinh - Chi La Giac Mo.mp3"
Aug 17 01:54 : player_thread: played "vi/Noo Phuoc Thinh ft. Ho Ngoc Ha - Noi Nho Day Voi.mp3"
Aug 17 01:59 : player_thread: played "vi/Phuong Anh - Chi Mot Minh Anh.mp3"
Aug 17 04:28 : avahi: Failed to create client: Daemon not running
Aug 17 04:36 : player_thread: played "vi/Nguyen Van Chung - Bai Hat Cua Mua.mp3"
Aug 17 04:40 : player_thread: played "vi/Nguyen Vu - Tu Khi Em Den.mp3"
Aug 17 04:44 : player_thread: played "vi/Noo Phuoc Thinh - Chi La Giac Mo.mp3"
Aug 17 00:38 : player_thread: played "vi/Noo Phuoc Thinh - Chi La Giac Mo.mp3"
Aug 17 00:43 : player_thread: played "vi/Noo Phuoc Thinh ft. Ho Ngoc Ha - Noi Nho Day Voi.mp3"
Aug 17 00:47 : player_thread: played "vi/Phuong Anh - Chi Mot Minh Anh.mp3"
Aug 17 00:51 : player_thread: played "vi/Rock Xuyen Man Dem - Buc Tuong.mp3"
Aug 17 00:55 : player_thread: played "vi/The Men - Em Luon O Trong Tam Tri Anh.mp3"
Aug 17 00:59 : player_thread: played "vi/The Men - Mot Loi Hua.mp3"
Aug 17 01:03 : player_thread: played "vi/Thu Minh - Doi Tu.mp3"
Aug 17 01:07 : player_thread: played "vi/Tim - Canh Chim Hai Au.mp3"
Aug 17 01:12 : player_thread: played "vi/Ung Dai Ve ft. Lil_ Knight - Anh Nho Em Nhieu.mp3"
Aug 17 01:16 : player_thread: played "vi/V.Music - Que Huong Toi.mp3"
